In file included from [01m[K/home/hamza/R3/URC-18/rosws/src/rover_hw/src/rover_hw.cpp:7:0[m[K:
[01m[K/opt/ros/kinetic/include/controller_manager/controller_manager.h:46:38:[m[K [01;31m[Kfatal error: [m[Kpluginlib/class_loader.hpp: No such file or directory
compilation terminated.
make[2]: *** [CMakeFiles/rover_hw_node.dir/src/rover_hw.cpp.o] Error 1
make[1]: *** [CMakeFiles/rover_hw_node.dir/all] Error 2
make: *** [all] Error 2
