[35m[1mScanning dependencies of target arm_teleop[0m
[ 50%] [32mBuilding CXX object CMakeFiles/arm_teleop.dir/src/arm.cpp.o[0m
[01m[K/home/hamza/R3/URC-18/rosws/src/arm_teleop_simple/src/arm.cpp:[m[K In function â€˜[01m[Kvoid joyCallBack(const ConstPtr&)[m[Kâ€™:
[01m[K/home/hamza/R3/URC-18/rosws/src/arm_teleop_simple/src/arm.cpp:18:5:[m[K [01;31m[Kerror: [m[Kâ€˜[01m[KFloat64[m[Kâ€™ is not a member of â€˜[01m[Kstd_msgs[m[Kâ€™
     std_msgs::Float64 data[0, rawvel_outer, rawvel_inner, rawvel_tilt];
[01;32m[K     ^[m[K
[01m[K/home/hamza/R3/URC-18/rosws/src/arm_teleop_simple/src/arm.cpp:19:5:[m[K [01;31m[Kerror: [m[Kâ€˜[01m[Karm_pub[m[Kâ€™ was not declared in this scope
     arm_pub.publish(data);
[01;32m[K     ^[m[K
[01m[K/home/hamza/R3/URC-18/rosws/src/arm_teleop_simple/src/arm.cpp:19:21:[m[K [01;31m[Kerror: [m[Kâ€˜[01m[Kdata[m[Kâ€™ was not declared in this scope
     arm_pub.publish(data);
[01;32m[K                     ^[m[K
[01m[K/home/hamza/R3/URC-18/rosws/src/arm_teleop_simple/src/arm.cpp:[m[K In function â€˜[01m[Kint main(int, char**)[m[Kâ€™:
[01m[K/home/hamza/R3/URC-18/rosws/src/arm_teleop_simple/src/arm.cpp:23:5:[m[K [01;31m[Kerror: [m[Kâ€˜[01m[Kinit[m[Kâ€™ is not a member of â€˜[01m[Kros[m[Kâ€™
     ros::init(argc,argv,"arm_teleop");
[01;32m[K     ^[m[K
[01m[K/home/hamza/R3/URC-18/rosws/src/arm_teleop_simple/src/arm.cpp:24:5:[m[K [01;31m[Kerror: [m[Kâ€˜[01m[KNodeHandle[m[Kâ€™ is not a member of â€˜[01m[Kros[m[Kâ€™
     ros::NodeHandle nh;
[01;32m[K     ^[m[K
[01m[K/home/hamza/R3/URC-18/rosws/src/arm_teleop_simple/src/arm.cpp:25:5:[m[K [01;31m[Kerror: [m[Kâ€˜[01m[KPublisher[m[Kâ€™ is not a member of â€˜[01m[Kros[m[Kâ€™
     ros::Publisher arm_pub = nh.advertise<std_msgs::Float64MultiArray>("/arm_manual_controller/command", 10);
[01;32m[K     ^[m[K
[01m[K/home/hamza/R3/URC-18/rosws/src/arm_teleop_simple/src/arm.cpp:26:5:[m[K [01;31m[Kerror: [m[Kâ€˜[01m[KSubscriber[m[Kâ€™ is not a member of â€˜[01m[Kros[m[Kâ€™
     ros::Subscriber joy_sub = nh.subscribe("joy", 10, joyCallBack);
[01;32m[K     ^[m[K
[01m[K/home/hamza/R3/URC-18/rosws/src/arm_teleop_simple/src/arm.cpp:27:24:[m[K [01;31m[Kerror: [m[Kvariable â€˜[01m[Kros::Rate loop_rate[m[Kâ€™ has initializer but incomplete type
     ros::Rate loop_rate(10);
[01;32m[K                        ^[m[K
[01m[K/home/hamza/R3/URC-18/rosws/src/arm_teleop_simple/src/arm.cpp:28:5:[m[K [01;31m[Kerror: [m[Kâ€˜[01m[Kspin[m[Kâ€™ is not a member of â€˜[01m[Kros[m[Kâ€™
     ros::spin();
[01;32m[K     ^[m[K
CMakeFiles/arm_teleop.dir/build.make:62: recipe for target 'CMakeFiles/arm_teleop.dir/src/arm.cpp.o' failed
make[2]: *** [CMakeFiles/arm_teleop.dir/src/arm.cpp.o] Error 1
CMakeFiles/Makefile2:291: recipe for target 'CMakeFiles/arm_teleop.dir/all' failed
make[1]: *** [CMakeFiles/arm_teleop.dir/all] Error 2
Makefile:138: recipe for target 'all' failed
make: *** [all] Error 2
