[35m[1mScanning dependencies of target arm_teleop[0m
[ 50%] [32mBuilding CXX object CMakeFiles/arm_teleop.dir/src/arm.cpp.o[0m
[01m[K/home/hamza/R3/URC-18/rosws/src/arm_teleop_simple/src/arm.cpp:[m[K In function â€˜[01m[Kvoid joyCallBack(const ConstPtr&)[m[Kâ€™:
[01m[K/home/hamza/R3/URC-18/rosws/src/arm_teleop_simple/src/arm.cpp:18:29:[m[K [01;31m[Kerror: [m[Kexpected â€˜[01m[K][m[Kâ€™ before â€˜[01m[K,[m[Kâ€™ token
     std_msgs::Float64 data[0, rawvel_outer, rawvel_inner, rawvel_tilt];
[01;32m[K                             ^[m[K
[01m[K/home/hamza/R3/URC-18/rosws/src/arm_teleop_simple/src/arm.cpp:18:31:[m[K [01;31m[Kerror: [m[Kconflicting declaration â€˜[01m[Kstd_msgs::Float64 rawvel_outer[m[Kâ€™
     std_msgs::Float64 data[0, rawvel_outer, rawvel_inner, rawvel_tilt];
[01;32m[K                               ^[m[K
[01m[K/home/hamza/R3/URC-18/rosws/src/arm_teleop_simple/src/arm.cpp:10:12:[m[K [01;36m[Knote: [m[Kprevious declaration as â€˜[01m[Kdouble rawvel_outer[m[Kâ€™
     double rawvel_outer = -joy->axes[2] * 20;
[01;32m[K            ^[m[K
[01m[K/home/hamza/R3/URC-18/rosws/src/arm_teleop_simple/src/arm.cpp:18:45:[m[K [01;31m[Kerror: [m[Kconflicting declaration â€˜[01m[Kstd_msgs::Float64 rawvel_inner[m[Kâ€™
     std_msgs::Float64 data[0, rawvel_outer, rawvel_inner, rawvel_tilt];
[01;32m[K                                             ^[m[K
[01m[K/home/hamza/R3/URC-18/rosws/src/arm_teleop_simple/src/arm.cpp:12:12:[m[K [01;36m[Knote: [m[Kprevious declaration as â€˜[01m[Kdouble rawvel_inner[m[Kâ€™
     double rawvel_inner = 0;
[01;32m[K            ^[m[K
[01m[K/home/hamza/R3/URC-18/rosws/src/arm_teleop_simple/src/arm.cpp:18:70:[m[K [01;31m[Kerror: [m[Kexpected initializer before â€˜[01m[K][m[Kâ€™ token
     std_msgs::Float64 data[0, rawvel_outer, rawvel_inner, rawvel_tilt];
[01;32m[K                                                                      ^[m[K
[01m[K/home/hamza/R3/URC-18/rosws/src/arm_teleop_simple/src/arm.cpp:19:5:[m[K [01;31m[Kerror: [m[Kâ€˜[01m[Karm_pub[m[Kâ€™ was not declared in this scope
     arm_pub.publish(data);
[01;32m[K     ^[m[K
[01m[K/home/hamza/R3/URC-18/rosws/src/arm_teleop_simple/src/arm.cpp:19:21:[m[K [01;31m[Kerror: [m[Kâ€˜[01m[Kdata[m[Kâ€™ was not declared in this scope
     arm_pub.publish(data);
[01;32m[K                     ^[m[K
[01m[K/home/hamza/R3/URC-18/rosws/src/arm_teleop_simple/src/arm.cpp:[m[K In function â€˜[01m[Kint main(int, char**)[m[Kâ€™:
[01m[K/home/hamza/R3/URC-18/rosws/src/arm_teleop_simple/src/arm.cpp:25:43:[m[K [01;31m[Kerror: [m[Kâ€˜[01m[KFloat64MultiArray[m[Kâ€™ is not a member of â€˜[01m[Kstd_msgs[m[Kâ€™
     ros::Publisher arm_pub = nh.advertise<std_msgs::Float64MultiArray>("/arm_manual_controller/command", 10);
[01;32m[K                                           ^[m[K
[01m[K/home/hamza/R3/URC-18/rosws/src/arm_teleop_simple/src/arm.cpp:25:43:[m[K [01;31m[Kerror: [m[Kâ€˜[01m[KFloat64MultiArray[m[Kâ€™ is not a member of â€˜[01m[Kstd_msgs[m[Kâ€™
[01m[K/home/hamza/R3/URC-18/rosws/src/arm_teleop_simple/src/arm.cpp:25:108:[m[K [01;31m[Kerror: [m[Kno matching function for call to â€˜[01m[Kros::NodeHandle::advertise(const char [31], int)[m[Kâ€™
     ros::Publisher arm_pub = nh.advertise<std_msgs::Float64MultiArray>("/arm_manual_controller/command", 10);
[01;32m[K                                                                                                            ^[m[K
In file included from [01m[K/opt/ros/kinetic/include/ros/ros.h:45:0[m[K,
                 from [01m[K/home/hamza/R3/URC-18/rosws/src/arm_teleop_simple/src/arm.cpp:7[m[K:
[01m[K/opt/ros/kinetic/include/ros/node_handle.h:249:15:[m[K [01;36m[Knote: [m[Kcandidate: template<class M> ros::Publisher ros::NodeHandle::advertise(const string&, uint32_t, bool)
     Publisher advertise(const std::string& topic, uint32_t queue_size, bool latch = false)
[01;32m[K               ^[m[K
[01m[K/opt/ros/kinetic/include/ros/node_handle.h:249:15:[m[K [01;36m[Knote: [m[K  template argument deduction/substitution failed:
[01m[K/home/hamza/R3/URC-18/rosws/src/arm_teleop_simple/src/arm.cpp:25:108:[m[K [01;31m[Kerror: [m[Ktemplate argument 1 is invalid
     ros::Publisher arm_pub = nh.advertise<std_msgs::Float64MultiArray>("/arm_manual_controller/command", 10);
[01;32m[K                                                                                                            ^[m[K
In file included from [01m[K/opt/ros/kinetic/include/ros/ros.h:45:0[m[K,
                 from [01m[K/home/hamza/R3/URC-18/rosws/src/arm_teleop_simple/src/arm.cpp:7[m[K:
[01m[K/opt/ros/kinetic/include/ros/node_handle.h:315:13:[m[K [01;36m[Knote: [m[Kcandidate: template<class M> ros::Publisher ros::NodeHandle::advertise(const string&, uint32_t, const SubscriberStatusCallback&, const SubscriberStatusCallback&, const VoidConstPtr&, bool)
   Publisher advertise(const std::string& topic, uint32_t queue_size,
[01;32m[K             ^[m[K
[01m[K/opt/ros/kinetic/include/ros/node_handle.h:315:13:[m[K [01;36m[Knote: [m[K  template argument deduction/substitution failed:
[01m[K/home/hamza/R3/URC-18/rosws/src/arm_teleop_simple/src/arm.cpp:25:108:[m[K [01;31m[Kerror: [m[Ktemplate argument 1 is invalid
     ros::Publisher arm_pub = nh.advertise<std_msgs::Float64MultiArray>("/arm_manual_controller/command", 10);
[01;32m[K                                                                                                            ^[m[K
CMakeFiles/arm_teleop.dir/build.make:62: recipe for target 'CMakeFiles/arm_teleop.dir/src/arm.cpp.o' failed
make[2]: *** [CMakeFiles/arm_teleop.dir/src/arm.cpp.o] Error 1
CMakeFiles/Makefile2:291: recipe for target 'CMakeFiles/arm_teleop.dir/all' failed
make[1]: *** [CMakeFiles/arm_teleop.dir/all] Error 2
Makefile:138: recipe for target 'all' failed
make: *** [all] Error 2
