In file included from [01m[K/home/hamza/R3/URC-18/rosws/src/rover_auton/src/rover.cpp:5:0[m[K:
[01m[K/home/hamza/R3/URC-18/rosws/src/rover_auton/src/rover.h:27:24:[m[K [01;35m[Kwarning: [m[Knon-static data member initializers only available with -std=c++11 or -std=gnu++11
     double targetLat = 500;
[01;32m[K                        ^[m[K
[01m[K/home/hamza/R3/URC-18/rosws/src/rover_auton/src/rover.h:28:25:[m[K [01;35m[Kwarning: [m[Knon-static data member initializers only available with -std=c++11 or -std=gnu++11
     double targetLong = 200;
[01;32m[K                         ^[m[K
[01m[K/home/hamza/R3/URC-18/rosws/src/rover_auton/src/rover.h:29:24:[m[K [01;35m[Kwarning: [m[Knon-static data member initializers only available with -std=c++11 or -std=gnu++11
     double targetAng = 5;//just initialize for now
[01;32m[K                        ^[m[K
[01m[K/home/hamza/R3/URC-18/rosws/src/rover_auton/src/rover.h:30:24:[m[K [01;35m[Kwarning: [m[Knon-static data member initializers only available with -std=c++11 or -std=gnu++11
     double targetLin = 500;
[01;32m[K                        ^[m[K
[01m[K/home/hamza/R3/URC-18/rosws/src/rover_auton/src/rover.h:31:25:[m[K [01;35m[Kwarning: [m[Knon-static data member initializers only available with -std=c++11 or -std=gnu++11
     double speedLimit = 100;
[01;32m[K                         ^[m[K
[01m[K/home/hamza/R3/URC-18/rosws/src/rover_auton/src/rover.cpp:[m[K In member function â€˜[01m[Kdouble rover::calculateDrivePower()[m[Kâ€™:
[01m[K/home/hamza/R3/URC-18/rosws/src/rover_auton/src/rover.cpp:37:5:[m[K [01;31m[Kerror: [m[Kexpected â€˜[01m[K,[m[Kâ€™ or â€˜[01m[K;[m[Kâ€™ before â€˜[01m[Kdouble[m[Kâ€™
     double returnedValue  = LinPID.computeCommand(errorLin,current_time-last_time);
[01;32m[K     ^[m[K
[01m[K/home/hamza/R3/URC-18/rosws/src/rover_auton/src/rover.cpp:38:12:[m[K [01;31m[Kerror: [m[Kâ€˜[01m[KreturnedValue[m[Kâ€™ was not declared in this scope
     if(abs(returnedValue)>speedLimit)
[01;32m[K            ^[m[K
[01m[K/home/hamza/R3/URC-18/rosws/src/rover_auton/src/rover.cpp:40:16:[m[K [01;31m[Kerror: [m[Kâ€˜[01m[KreturnedValue[m[Kâ€™ was not declared in this scope
     return abs(returnedValue);
[01;32m[K                ^[m[K
make[2]: *** [CMakeFiles/rover.dir/src/rover.cpp.o] Error 1
make[1]: *** [CMakeFiles/rover.dir/all] Error 2
make: *** [all] Error 2
