In file included from [01m[K/home/hamza/R3/URC-18/rosws/src/rover_auton/src/main.cpp:7:0[m[K:
[01m[K/home/hamza/R3/URC-18/rosws/src/rover_auton/src/rover.h:20:24:[m[K [01;35m[Kwarning: [m[Knon-static data member initializers only available with -std=c++11 or -std=gnu++11
     double targetAng = 5;//just initialize for now
[01;32m[K                        ^[m[K
[01m[K/home/hamza/R3/URC-18/rosws/src/rover_auton/src/rover.h:21:24:[m[K [01;35m[Kwarning: [m[Knon-static data member initializers only available with -std=c++11 or -std=gnu++11
     double targetLin = 0;
[01;32m[K                        ^[m[K
In file included from [01m[K/home/hamza/R3/URC-18/rosws/src/rover_auton/src/rover.cpp:5:0[m[K:
[01m[K/home/hamza/R3/URC-18/rosws/src/rover_auton/src/rover.h:20:24:[m[K [01;35m[Kwarning: [m[Knon-static data member initializers only available with -std=c++11 or -std=gnu++11
     double targetAng = 5;//just initialize for now
[01;32m[K                        ^[m[K
[01m[K/home/hamza/R3/URC-18/rosws/src/rover_auton/src/rover.h:21:24:[m[K [01;35m[Kwarning: [m[Knon-static data member initializers only available with -std=c++11 or -std=gnu++11
     double targetLin = 0;
[01;32m[K                        ^[m[K
CMakeFiles/rover.dir/src/main.cpp.o: In function `main':
main.cpp:(.text+0x275): undefined reference to `control_toolbox::Pid::Pid(double, double, double, double, double, bool)'
main.cpp:(.text+0x2a1): undefined reference to `control_toolbox::Pid::Pid(double, double, double, double, double, bool)'
main.cpp:(.text+0x4a4): undefined reference to `control_toolbox::Pid::initPid(double, double, double, double, double, bool)'
main.cpp:(.text+0x4f5): undefined reference to `control_toolbox::Pid::initPid(double, double, double, double, double, bool)'
main.cpp:(.text+0x5ef): undefined reference to `control_toolbox::Pid::~Pid()'
main.cpp:(.text+0x5fe): undefined reference to `control_toolbox::Pid::~Pid()'
main.cpp:(.text+0x7cf): undefined reference to `control_toolbox::Pid::~Pid()'
main.cpp:(.text+0x7e3): undefined reference to `control_toolbox::Pid::~Pid()'
CMakeFiles/rover.dir/src/rover.cpp.o: In function `rover::calculateDrivePower()':
rover.cpp:(.text+0xa5): undefined reference to `last_time'
rover.cpp:(.text+0xaa): undefined reference to `current_time'
rover.cpp:(.text+0xcb): undefined reference to `LinPID'
rover.cpp:(.text+0xd0): undefined reference to `control_toolbox::Pid::computeCommand(double, ros::Duration)'
CMakeFiles/rover.dir/src/rover.cpp.o: In function `rover::calculateTurnPower()':
rover.cpp:(.text+0x172): undefined reference to `last_time'
rover.cpp:(.text+0x177): undefined reference to `current_time'
rover.cpp:(.text+0x198): undefined reference to `AngPID'
rover.cpp:(.text+0x19d): undefined reference to `control_toolbox::Pid::computeCommand(double, ros::Duration)'
collect2: error: ld returned 1 exit status
make[2]: *** [/home/hamza/R3/URC-18/rosws/devel/.private/rover_auton/lib/rover_auton/rover] Error 1
make[1]: *** [CMakeFiles/rover.dir/all] Error 2
make: *** [all] Error 2
