In file included from [01m[K/home/hamza/R3/URC-18/rosws/src/rover_auton/src/main.cpp:7:0[m[K:
[01m[K/home/hamza/R3/URC-18/rosws/src/rover_auton/src/rover.h:20:24:[m[K [01;35m[Kwarning: [m[Knon-static data member initializers only available with -std=c++11 or -std=gnu++11
     double targetAng = 5;//just initialize for now
[01;32m[K                        ^[m[K
[01m[K/home/hamza/R3/URC-18/rosws/src/rover_auton/src/rover.h:21:24:[m[K [01;35m[Kwarning: [m[Knon-static data member initializers only available with -std=c++11 or -std=gnu++11
     double targetLin = 0;
[01;32m[K                        ^[m[K
In file included from [01m[K/home/hamza/R3/URC-18/rosws/src/rover_auton/src/rover.cpp:5:0[m[K:
[01m[K/home/hamza/R3/URC-18/rosws/src/rover_auton/src/rover.h:20:24:[m[K [01;35m[Kwarning: [m[Knon-static data member initializers only available with -std=c++11 or -std=gnu++11
     double targetAng = 5;//just initialize for now
[01;32m[K                        ^[m[K
[01m[K/home/hamza/R3/URC-18/rosws/src/rover_auton/src/rover.h:21:24:[m[K [01;35m[Kwarning: [m[Knon-static data member initializers only available with -std=c++11 or -std=gnu++11
     double targetLin = 0;
[01;32m[K                        ^[m[K
CMakeFiles/rover.dir/src/main.cpp.o: In function `main':
main.cpp:(.text+0x407): undefined reference to `current_time'
main.cpp:(.text+0x471): undefined reference to `current_time'
main.cpp:(.text+0x478): undefined reference to `last_time'
collect2: error: ld returned 1 exit status
make[2]: *** [/home/hamza/R3/URC-18/rosws/devel/.private/rover_auton/lib/rover_auton/rover] Error 1
make[1]: *** [CMakeFiles/rover.dir/all] Error 2
make: *** [all] Error 2
